[2024-12-09T18:09:25.363Z] [ERROR] Error executing command: hand
{
  "message": "gameManager.getGame is not a function",
  "stack": "TypeError: gameManager.getGame is not a function\n    at Object.execute (file:///Users/saikumar/Downloads/project%2054/src/games/ClashOfCards/commands/hand.js:9:30)\n    at Client.<anonymous> (file:///Users/saikumar/Downloads/project%2054/src/index.js:51:19)\n    at Client.emit (node:events:519:28)\n    at MessageCreateAction.handle (/Users/saikumar/Downloads/project 54/node_modules/discord.js/src/client/actions/MessageCreate.js:32:14)\n    at module.exports [as MESSAGE_CREATE] (/Users/saikumar/Downloads/project 54/node_modules/discord.js/src/client/websocket/handlers/MESSAGE_CREATE.js:4:32)\n    at WebSocketManager.handlePacket (/Users/saikumar/Downloads/project 54/node_modules/discord.js/src/client/websocket/WebSocketManager.js:348:31)\n    at WebSocketManager.<anonymous> (/Users/saikumar/Downloads/project 54/node_modules/discord.js/src/client/websocket/WebSocketManager.js:232:12)\n    at WebSocketManager.emit (/Users/saikumar/Downloads/project 54/node_modules/@vladfrangu/async_event_emitter/dist/index.cjs:287:31)\n    at WebSocketShard.<anonymous> (/Users/saikumar/Downloads/project 54/node_modules/@discordjs/ws/dist/index.js:1190:51)\n    at WebSocketShard.emit (/Users/saikumar/Downloads/project 54/node_modules/@vladfrangu/async_event_emitter/dist/index.cjs:287:31)",
  "name": "TypeError"
}
[2024-12-09T18:09:35.352Z] [ERROR] Error executing command: end
{
  "message": "gameManager.getGame is not a function",
  "stack": "TypeError: gameManager.getGame is not a function\n    at Object.execute (file:///Users/saikumar/Downloads/project%2054/src/games/ClashOfCards/commands/end.js:15:30)\n    at Client.<anonymous> (file:///Users/saikumar/Downloads/project%2054/src/index.js:51:19)\n    at Client.emit (node:events:519:28)\n    at MessageCreateAction.handle (/Users/saikumar/Downloads/project 54/node_modules/discord.js/src/client/actions/MessageCreate.js:32:14)\n    at module.exports [as MESSAGE_CREATE] (/Users/saikumar/Downloads/project 54/node_modules/discord.js/src/client/websocket/handlers/MESSAGE_CREATE.js:4:32)\n    at WebSocketManager.handlePacket (/Users/saikumar/Downloads/project 54/node_modules/discord.js/src/client/websocket/WebSocketManager.js:348:31)\n    at WebSocketManager.<anonymous> (/Users/saikumar/Downloads/project 54/node_modules/discord.js/src/client/websocket/WebSocketManager.js:232:12)\n    at WebSocketManager.emit (/Users/saikumar/Downloads/project 54/node_modules/@vladfrangu/async_event_emitter/dist/index.cjs:287:31)\n    at WebSocketShard.<anonymous> (/Users/saikumar/Downloads/project 54/node_modules/@discordjs/ws/dist/index.js:1190:51)\n    at WebSocketShard.emit (/Users/saikumar/Downloads/project 54/node_modules/@vladfrangu/async_event_emitter/dist/index.cjs:287:31)",
  "name": "TypeError"
}
[2024-12-09T18:20:56.927Z] [ERROR] Not player's turn
{}
[2024-12-09T18:25:14.545Z] [ERROR] No active game found
{}
[2024-12-09T18:27:58.306Z] [ERROR] Error executing command: end
{
  "message": "gameManager.getGame is not a function",
  "stack": "TypeError: gameManager.getGame is not a function\n    at Object.execute (file:///Users/saikumar/Downloads/project%2054/src/games/ClashOfCards/commands/end.js:15:30)\n    at Client.<anonymous> (file:///Users/saikumar/Downloads/project%2054/src/index.js:51:19)\n    at Client.emit (node:events:519:28)\n    at MessageCreateAction.handle (/Users/saikumar/Downloads/project 54/node_modules/discord.js/src/client/actions/MessageCreate.js:32:14)\n    at module.exports [as MESSAGE_CREATE] (/Users/saikumar/Downloads/project 54/node_modules/discord.js/src/client/websocket/handlers/MESSAGE_CREATE.js:4:32)\n    at WebSocketManager.handlePacket (/Users/saikumar/Downloads/project 54/node_modules/discord.js/src/client/websocket/WebSocketManager.js:348:31)\n    at WebSocketManager.<anonymous> (/Users/saikumar/Downloads/project 54/node_modules/discord.js/src/client/websocket/WebSocketManager.js:232:12)\n    at WebSocketManager.emit (/Users/saikumar/Downloads/project 54/node_modules/@vladfrangu/async_event_emitter/dist/index.cjs:287:31)\n    at WebSocketShard.<anonymous> (/Users/saikumar/Downloads/project 54/node_modules/@discordjs/ws/dist/index.js:1190:51)\n    at WebSocketShard.emit (/Users/saikumar/Downloads/project 54/node_modules/@vladfrangu/async_event_emitter/dist/index.cjs:287:31)",
  "name": "TypeError"
}
[2024-12-09T18:28:12.626Z] [ERROR] Not player's turn
{}
[2024-12-09T18:33:50.112Z] [ERROR] Error executing command: end
{
  "message": "gameManager.getGame is not a function",
  "stack": "TypeError: gameManager.getGame is not a function\n    at Object.execute (file:///Users/saikumar/Downloads/project%2054/src/games/ClashOfCards/commands/end.js:15:30)\n    at Client.<anonymous> (file:///Users/saikumar/Downloads/project%2054/src/index.js:51:19)\n    at Client.emit (node:events:519:28)\n    at MessageCreateAction.handle (/Users/saikumar/Downloads/project 54/node_modules/discord.js/src/client/actions/MessageCreate.js:32:14)\n    at module.exports [as MESSAGE_CREATE] (/Users/saikumar/Downloads/project 54/node_modules/discord.js/src/client/websocket/handlers/MESSAGE_CREATE.js:4:32)\n    at WebSocketManager.handlePacket (/Users/saikumar/Downloads/project 54/node_modules/discord.js/src/client/websocket/WebSocketManager.js:348:31)\n    at WebSocketManager.<anonymous> (/Users/saikumar/Downloads/project 54/node_modules/discord.js/src/client/websocket/WebSocketManager.js:232:12)\n    at WebSocketManager.emit (/Users/saikumar/Downloads/project 54/node_modules/@vladfrangu/async_event_emitter/dist/index.cjs:287:31)\n    at WebSocketShard.<anonymous> (/Users/saikumar/Downloads/project 54/node_modules/@discordjs/ws/dist/index.js:1190:51)\n    at WebSocketShard.emit (/Users/saikumar/Downloads/project 54/node_modules/@vladfrangu/async_event_emitter/dist/index.cjs:287:31)",
  "name": "TypeError"
}
[2024-12-09T18:37:30.039Z] [ERROR] Invalid card index
{}
[2024-12-09T18:40:06.305Z] [ERROR] Error executing command: forceround
{
  "message": "gameManager.getGame is not a function",
  "stack": "TypeError: gameManager.getGame is not a function\n    at Object.execute (file:///Users/saikumar/Downloads/project%2054/src/games/ClashOfCards/commands/forceround.js:15:30)\n    at Client.<anonymous> (file:///Users/saikumar/Downloads/project%2054/src/index.js:51:19)\n    at Client.emit (node:events:519:28)\n    at MessageCreateAction.handle (/Users/saikumar/Downloads/project 54/node_modules/discord.js/src/client/actions/MessageCreate.js:32:14)\n    at module.exports [as MESSAGE_CREATE] (/Users/saikumar/Downloads/project 54/node_modules/discord.js/src/client/websocket/handlers/MESSAGE_CREATE.js:4:32)\n    at WebSocketManager.handlePacket (/Users/saikumar/Downloads/project 54/node_modules/discord.js/src/client/websocket/WebSocketManager.js:348:31)\n    at WebSocketManager.<anonymous> (/Users/saikumar/Downloads/project 54/node_modules/discord.js/src/client/websocket/WebSocketManager.js:232:12)\n    at WebSocketManager.emit (/Users/saikumar/Downloads/project 54/node_modules/@vladfrangu/async_event_emitter/dist/index.cjs:287:31)\n    at WebSocketShard.<anonymous> (/Users/saikumar/Downloads/project 54/node_modules/@discordjs/ws/dist/index.js:1190:51)\n    at WebSocketShard.emit (/Users/saikumar/Downloads/project 54/node_modules/@vladfrangu/async_event_emitter/dist/index.cjs:287:31)",
  "name": "TypeError"
}
[2024-12-09T18:41:31.539Z] [ERROR] Invalid card index
{}
[2024-12-09T18:43:26.604Z] [ERROR] Invalid card index
{}
[2024-12-09T18:45:19.351Z] [ERROR] Not player's turn
{}
[2024-12-11T04:26:20.924Z] [ERROR] Not player's turn
{}
[2024-12-11T04:32:47.073Z] [ERROR] Invalid card index
{}
[2024-12-11T05:11:56.852Z] [ERROR] Error playing card
{
  "message": "oldHealth is not defined",
  "stack": "ReferenceError: oldHealth is not defined\n    at Game.applyCardEffects (file:///Users/saikumar/coc/src/games/ClashOfCards/models/Game.js:233:15)\n    at Game.playCard (file:///Users/saikumar/coc/src/games/ClashOfCards/models/Game.js:121:25)\n    at Object.execute (file:///Users/saikumar/coc/src/games/ClashOfCards/commands/play.js:95:27)\n    at Client.<anonymous> (file:///Users/saikumar/coc/src/index.js:51:19)\n    at Client.emit (node:events:519:28)\n    at MessageCreateAction.handle (/Users/saikumar/coc/node_modules/discord.js/src/client/actions/MessageCreate.js:32:14)\n    at module.exports [as MESSAGE_CREATE] (/Users/saikumar/coc/node_modules/discord.js/src/client/websocket/handlers/MESSAGE_CREATE.js:4:32)\n    at WebSocketManager.handlePacket (/Users/saikumar/coc/node_modules/discord.js/src/client/websocket/WebSocketManager.js:348:31)\n    at WebSocketManager.<anonymous> (/Users/saikumar/coc/node_modules/discord.js/src/client/websocket/WebSocketManager.js:232:12)\n    at WebSocketManager.emit (/Users/saikumar/coc/node_modules/@vladfrangu/async_event_emitter/dist/index.cjs:287:31)",
  "name": "ReferenceError"
}
